This file contains any messages produced by compilers while
running configure, to aid debugging if configure makes a mistake.

It was created by clairvoyance-client configure 0.1, which was
generated by GNU Autoconf 2.69.  Invocation command line was

  $ ./configure 

## --------- ##
## Platform. ##
## --------- ##

hostname = metaverse.host
uname -m = x86_64
uname -r = 3.12.27-xenU
uname -s = Linux
uname -v = #1 SMP Thu Aug 28 23:13:07 UTC 2014

/usr/bin/uname -p = unknown
/bin/uname -X     = unknown

/bin/arch              = unknown
/usr/bin/arch -k       = unknown
/usr/convex/getsysinfo = unknown
/usr/bin/hostinfo      = unknown
/bin/machine           = unknown
/usr/bin/oslevel       = unknown
/bin/universe          = unknown

PATH: /usr/local/bin
PATH: /usr/bin
PATH: /bin
PATH: /usr/local/games
PATH: /usr/games


## ----------- ##
## Core tests. ##
## ----------- ##

configure:1864: checking for a BSD-compatible install
configure:1932: result: /usr/bin/install -c
configure:1943: checking whether build environment is sane
configure:1998: result: yes
configure:2149: checking for a thread-safe mkdir -p
configure:2188: result: /bin/mkdir -p
configure:2195: checking for gawk
configure:2225: result: no
configure:2195: checking for mawk
configure:2211: found /usr/bin/mawk
configure:2222: result: mawk
configure:2233: checking whether make sets $(MAKE)
configure:2255: result: yes
configure:2284: checking whether make supports nested variables
configure:2301: result: yes
configure:2480: checking for gcc
configure:2496: found /usr/bin/gcc
configure:2507: result: gcc
configure:2736: checking for C compiler version
configure:2745: gcc --version >&5
gcc (Debian 4.9.2-10) 4.9.2
Copyright (C) 2014 Free Software Foundation, Inc.
This is free software; see the source for copying conditions.  There is NO
warranty; not even for MERCHANTABILITY or FITNESS FOR A PARTICULAR PURPOSE.

configure:2756: $? = 0
configure:2745: gcc -v >&5
Using built-in specs.
COLLECT_GCC=gcc
COLLECT_LTO_WRAPPER=/usr/lib/gcc/x86_64-linux-gnu/4.9/lto-wrapper
Target: x86_64-linux-gnu
Configured with: ../src/configure -v --with-pkgversion='Debian 4.9.2-10' --with-bugurl=file:///usr/share/doc/gcc-4.9/README.Bugs --enable-languages=c,c++,java,go,d,fortran,objc,obj-c++ --prefix=/usr --program-suffix=-4.9 --enable-shared --enable-linker-build-id --libexecdir=/usr/lib --without-included-gettext --enable-threads=posix --with-gxx-include-dir=/usr/include/c++/4.9 --libdir=/usr/lib --enable-nls --with-sysroot=/ --enable-clocale=gnu --enable-libstdcxx-debug --enable-libstdcxx-time=yes --enable-gnu-unique-object --disable-vtable-verify --enable-plugin --with-system-zlib --disable-browser-plugin --enable-java-awt=gtk --enable-gtk-cairo --with-java-home=/usr/lib/jvm/java-1.5.0-gcj-4.9-amd64/jre --enable-java-home --with-jvm-root-dir=/usr/lib/jvm/java-1.5.0-gcj-4.9-amd64 --with-jvm-jar-dir=/usr/lib/jvm-exports/java-1.5.0-gcj-4.9-amd64 --with-arch-directory=amd64 --with-ecj-jar=/usr/share/java/eclipse-ecj.jar --enable-objc-gc --enable-multiarch --with-arch-32=i586 --with-abi=m64 --with-multilib-list=m32,m64,mx32 --enable-multilib --with-tune=generic --enable-checking=release --build=x86_64-linux-gnu --host=x86_64-linux-gnu --target=x86_64-linux-gnu
Thread model: posix
gcc version 4.9.2 (Debian 4.9.2-10) 
configure:2756: $? = 0
configure:2745: gcc -V >&5
gcc: error: unrecognized command line option '-V'
gcc: fatal error: no input files
compilation terminated.
configure:2756: $? = 4
configure:2745: gcc -qversion >&5
gcc: error: unrecognized command line option '-qversion'
gcc: fatal error: no input files
compilation terminated.
configure:2756: $? = 4
configure:2776: checking whether the C compiler works
configure:2798: gcc    conftest.c  >&5
configure:2802: $? = 0
configure:2850: result: yes
configure:2853: checking for C compiler default output file name
configure:2855: result: a.out
configure:2861: checking for suffix of executables
configure:2868: gcc -o conftest    conftest.c  >&5
configure:2872: $? = 0
configure:2894: result: 
configure:2916: checking whether we are cross compiling
configure:2924: gcc -o conftest    conftest.c  >&5
configure:2928: $? = 0
configure:2935: ./conftest
configure:2939: $? = 0
configure:2954: result: no
configure:2959: checking for suffix of object files
configure:2981: gcc -c   conftest.c >&5
configure:2985: $? = 0
configure:3006: result: o
configure:3010: checking whether we are using the GNU C compiler
configure:3029: gcc -c   conftest.c >&5
configure:3029: $? = 0
configure:3038: result: yes
configure:3047: checking whether gcc accepts -g
configure:3067: gcc -c -g  conftest.c >&5
configure:3067: $? = 0
configure:3108: result: yes
configure:3125: checking for gcc option to accept ISO C89
configure:3188: gcc  -c -g -O2  conftest.c >&5
configure:3188: $? = 0
configure:3201: result: none needed
configure:3226: checking whether gcc understands -c and -o together
configure:3248: gcc -c conftest.c -o conftest2.o
configure:3251: $? = 0
configure:3248: gcc -c conftest.c -o conftest2.o
configure:3251: $? = 0
configure:3263: result: yes
configure:3291: checking for style of include used by make
configure:3319: result: GNU
configure:3345: checking dependency style of gcc
configure:3456: result: gcc3
configure:3474: checking for json-c/json.h
configure:3474: gcc -c -g -O2  conftest.c >&5
configure:3474: $? = 0
configure:3474: result: yes
configure:3602: checking that generated files are newer than configure
configure:3608: result: done
configure:3631: creating ./config.status

## ---------------------- ##
## Running config.status. ##
## ---------------------- ##

This file was extended by clairvoyance-client config.status 0.1, which was
generated by GNU Autoconf 2.69.  Invocation command line was

  CONFIG_FILES    = 
  CONFIG_HEADERS  = 
  CONFIG_LINKS    = 
  CONFIG_COMMANDS = 
  $ ./config.status 

on metaverse.host

config.status:841: creating Makefile
config.status:841: creating src/Makefile
config.status:841: creating config.h
config.status:1070: executing depfiles commands

## ---------------- ##
## Cache variables. ##
## ---------------- ##

ac_cv_c_compiler_gnu=yes
ac_cv_env_CC_set=
ac_cv_env_CC_value=
ac_cv_env_CFLAGS_set=
ac_cv_env_CFLAGS_value=
ac_cv_env_CPPFLAGS_set=
ac_cv_env_CPPFLAGS_value=
ac_cv_env_LDFLAGS_set=
ac_cv_env_LDFLAGS_value=
ac_cv_env_LIBS_set=
ac_cv_env_LIBS_value=
ac_cv_env_build_alias_set=
ac_cv_env_build_alias_value=
ac_cv_env_host_alias_set=
ac_cv_env_host_alias_value=
ac_cv_env_target_alias_set=
ac_cv_env_target_alias_value=
ac_cv_header_json_c_json_h=yes
ac_cv_objext=o
ac_cv_path_install='/usr/bin/install -c'
ac_cv_path_mkdir=/bin/mkdir
ac_cv_prog_AWK=mawk
ac_cv_prog_ac_ct_CC=gcc
ac_cv_prog_cc_c89=
ac_cv_prog_cc_g=yes
ac_cv_prog_make_make_set=yes
am_cv_CC_dependencies_compiler_type=gcc3
am_cv_make_support_nested_variables=yes
am_cv_prog_cc_c_o=yes

## ----------------- ##
## Output variables. ##
## ----------------- ##

ACLOCAL='${SHELL} /home/tim/projects/clairvoyance/client/missing aclocal-1.14'
AMDEPBACKSLASH='\'
AMDEP_FALSE='#'
AMDEP_TRUE=''
AMTAR='$${TAR-tar}'
AM_BACKSLASH='\'
AM_DEFAULT_V='$(AM_DEFAULT_VERBOSITY)'
AM_DEFAULT_VERBOSITY='1'
AM_V='$(V)'
AUTOCONF='${SHELL} /home/tim/projects/clairvoyance/client/missing autoconf'
AUTOHEADER='${SHELL} /home/tim/projects/clairvoyance/client/missing autoheader'
AUTOMAKE='${SHELL} /home/tim/projects/clairvoyance/client/missing automake-1.14'
AWK='mawk'
CC='gcc'
CCDEPMODE='depmode=gcc3'
CFLAGS='-g -O2'
CPPFLAGS=''
CYGPATH_W='echo'
DEFS='-DHAVE_CONFIG_H'
DEPDIR='.deps'
ECHO_C=''
ECHO_N='-n'
ECHO_T=''
EXEEXT=''
INSTALL_DATA='${INSTALL} -m 644'
INSTALL_PROGRAM='${INSTALL}'
INSTALL_SCRIPT='${INSTALL}'
INSTALL_STRIP_PROGRAM='$(install_sh) -c -s'
LDFLAGS=''
LIBOBJS=''
LIBS='-ljson-c '
LTLIBOBJS=''
MAKEINFO='${SHELL} /home/tim/projects/clairvoyance/client/missing makeinfo'
MKDIR_P='/bin/mkdir -p'
OBJEXT='o'
PACKAGE='clairvoyance-client'
PACKAGE_BUGREPORT='tim@metaverse.systems'
PACKAGE_NAME='clairvoyance-client'
PACKAGE_STRING='clairvoyance-client 0.1'
PACKAGE_TARNAME='clairvoyance-client'
PACKAGE_URL=''
PACKAGE_VERSION='0.1'
PATH_SEPARATOR=':'
SET_MAKE=''
SHELL='/bin/bash'
STRIP=''
VERSION='0.1'
ac_ct_CC='gcc'
am__EXEEXT_FALSE=''
am__EXEEXT_TRUE='#'
am__fastdepCC_FALSE='#'
am__fastdepCC_TRUE=''
am__include='include'
am__isrc=''
am__leading_dot='.'
am__nodep='_no'
am__quote=''
am__tar='$${TAR-tar} chof - "$$tardir"'
am__untar='$${TAR-tar} xf -'
bindir='${exec_prefix}/bin'
build_alias=''
datadir='${datarootdir}'
datarootdir='${prefix}/share'
docdir='${datarootdir}/doc/${PACKAGE_TARNAME}'
dvidir='${docdir}'
exec_prefix='${prefix}'
host_alias=''
htmldir='${docdir}'
includedir='${prefix}/include'
infodir='${datarootdir}/info'
install_sh='${SHELL} /home/tim/projects/clairvoyance/client/install-sh'
libdir='${exec_prefix}/lib'
libexecdir='${exec_prefix}/libexec'
localedir='${datarootdir}/locale'
localstatedir='${prefix}/var'
mandir='${datarootdir}/man'
mkdir_p='$(MKDIR_P)'
oldincludedir='/usr/include'
pdfdir='${docdir}'
prefix='/usr/local'
program_transform_name='s,x,x,'
psdir='${docdir}'
sbindir='${exec_prefix}/sbin'
sharedstatedir='${prefix}/com'
sysconfdir='${prefix}/etc'
target_alias=''

## ----------- ##
## confdefs.h. ##
## ----------- ##

/* confdefs.h */
#define PACKAGE_NAME "clairvoyance-client"
#define PACKAGE_TARNAME "clairvoyance-client"
#define PACKAGE_VERSION "0.1"
#define PACKAGE_STRING "clairvoyance-client 0.1"
#define PACKAGE_BUGREPORT "tim@metaverse.systems"
#define PACKAGE_URL ""
#define PACKAGE "clairvoyance-client"
#define VERSION "0.1"
#define HAVE_LIBJSON_C 1

configure: exit 0
